<?xml version="1.0" encoding="UTF-8"?>
<!-- Generated by org.testng.reporters.JUnitReportReporter -->
<testsuite hostname="LENOVO" failures="0" tests="3" name="com.demowebshop.testscript.LoginTest" time="24.533" errors="0" timestamp="2023-06-23T07:20:15 IST" skipped="0">
  <testcase classname="com.demowebshop.testscript.LoginTest" name="TC_002_verifyInvalidLoginErrorMessage" time="8.285"/>
  <system-out/>
  <testcase classname="com.demowebshop.testscript.LoginTest" name="TC_002_verifyInvalidLoginErrorMessage" time="7.588"/>
  <system-out/>
  <testcase classname="com.demowebshop.testscript.LoginTest" name="TC_002_verifyInvalidLoginErrorMessage" time="8.660"/>
  <system-out/>
</testsuite> <!-- com.demowebshop.testscript.LoginTest -->
