<?xml version="1.0" encoding="UTF-8"?>
<!-- Generated by org.testng.reporters.JUnitReportReporter -->
<testsuite hostname="LENOVO" failures="0" tests="1" name="com.demowebshop.testscript.HomeTest" time="28.731" errors="0" timestamp="2023-06-23T07:35:42 IST" skipped="0">
  <testcase classname="com.demowebshop.testscript.HomeTest" name="TC_001_verifySubscibeEmailMessage" time="28.731"/>
  <system-out/>
</testsuite> <!-- com.demowebshop.testscript.HomeTest -->
